mobuyleRestaurant/build/outputs/logs/manifest-merger-debug-report.txt
-- Merging decision tree log ---
manifest
ADDED from src/main/AndroidManifest.xml:1:1-37:12
	package
		ADDED from src/main/AndroidManifest.xml:2:5-41
		INJECTED from src/main/AndroidManifest.xml
		INJECTED from src/main/AndroidManifest.xml
	xmlns:android
		ADDED from src/main/AndroidManifest.xml:1:11-69
uses-sdk
ADDED from src/main/AndroidManifest.xml:4:5-7:41
MERGED from [Android-Annotations-Library-Simplified:mobuyleCore:unspecified] AndroidManifest.xml:7:5-10:41
MERGED from [com.android.support:support-v4:23.1.0] AndroidManifest.xml:20:5-43
MERGED from [com.android.support:appcompat-v7:23.1.0] AndroidManifest.xml:20:5-43
	android:maxSdkVersion
		ADDED from src/main/AndroidManifest.xml:6:9-35
	android:targetSdkVersion
		ADDED from src/main/AndroidManifest.xml:7:9-38
		INJECTED from src/main/AndroidManifest.xml
		INJECTED from src/main/AndroidManifest.xml
	android:minSdkVersion
		ADDED from src/main/AndroidManifest.xml:5:9-35
		INJECTED from src/main/AndroidManifest.xml
		INJECTED from src/main/AndroidManifest.xml
supports-screens
ADDED from src/main/AndroidManifest.xml:9:5-13:40
	android:largeScreens
		ADDED from src/main/AndroidManifest.xml:10:9-36
	android:smallScreens
		ADDED from src/main/AndroidManifest.xml:12:9-36
	android:normalScreens
		ADDED from src/main/AndroidManifest.xml:11:9-37
	android:xlargeScreens
		ADDED from src/main/AndroidManifest.xml:13:9-37
application
ADDED from src/main/AndroidManifest.xml:15:5-35:19
MERGED from [Android-Annotations-Library-Simplified:mobuyleCore:unspecified] AndroidManifest.xml:16:5-26:19
MERGED from [com.android.support:support-v4:23.1.0] AndroidManifest.xml:22:5-20
MERGED from [com.android.support:appcompat-v7:23.1.0] AndroidManifest.xml:22:5-20
	android:label
		ADDED from src/main/AndroidManifest.xml:21:9-41
	android:allowBackup
		ADDED from src/main/AndroidManifest.xml:18:9-36
	android:icon
		ADDED from src/main/AndroidManifest.xml:19:9-47
	android:largeHeap
		ADDED from src/main/AndroidManifest.xml:17:9-33
	android:theme
		ADDED from src/main/AndroidManifest.xml:20:9-40
	android:name
		ADDED from src/main/AndroidManifest.xml:16:9-59
activity#com.hps.mobuyle.core.MainActivity_
ADDED from src/main/AndroidManifest.xml:23:9-33:20
	android:clearTaskOnLaunch
		ADDED from src/main/AndroidManifest.xml:27:13-45
	android:label
		ADDED from src/main/AndroidManifest.xml:25:13-45
	android:exported
		ADDED from src/main/AndroidManifest.xml:26:13-36
	android:name
		ADDED from src/main/AndroidManifest.xml:24:13-62
intent-filter#android.intent.action.MAIN+android.intent.category.LAUNCHER
ADDED from src/main/AndroidManifest.xml:29:13-32:29
action#android.intent.action.MAIN
ADDED from src/main/AndroidManifest.xml:30:17-69
	android:name
		ADDED from src/main/AndroidManifest.xml:30:25-66
category#android.intent.category.LAUNCHER
ADDED from src/main/AndroidManifest.xml:31:17-77
	android:name
		ADDED from src/main/AndroidManifest.xml:31:27-74
android:uses-permission#android.permission.WRITE_EXTERNAL_STORAGE
ADDED from [Android-Annotations-Library-Simplified:mobuyleCore:unspecified] AndroidManifest.xml:12:5-89
	android:name
		ADDED from [Android-Annotations-Library-Simplified:mobuyleCore:unspecified] AndroidManifest.xml:12:30-86
android:uses-permission#android.permission.READ_PHONE_STATE
ADDED from [Android-Annotations-Library-Simplified:mobuyleCore:unspecified] AndroidManifest.xml:13:5-83
	android:name
		ADDED from [Android-Annotations-Library-Simplified:mobuyleCore:unspecified] AndroidManifest.xml:13:30-80
android:uses-permission#android.permission.READ_EXTERNAL_STORAGE
ADDED from [Android-Annotations-Library-Simplified:mobuyleCore:unspecified] AndroidManifest.xml:14:5-88
	android:name
		ADDED from [Android-Annotations-Library-Simplified:mobuyleCore:unspecified] AndroidManifest.xml:14:30-85
activity#com.hps.mobuyle.core.MainActivity
ADDED from [Android-Annotations-Library-Simplified:mobuyleCore:unspecified] AndroidManifest.xml:22:9-25:20
	android:label
		ADDED from [Android-Annotations-Library-Simplified:mobuyleCore:unspecified] AndroidManifest.xml:24:13-56
	android:name
		ADDED from [Android-Annotations-Library-Simplified:mobuyleCore:unspecified] AndroidManifest.xml:23:13-61